-------------------------------------------------------------------------------
Test set: com.example.MockTest
-------------------------------------------------------------------------------
Tests run: 6, Failures: 1, Errors: 0, Skipped: 0, Time elapsed: 0.01 s <<< FAILURE! - in com.example.MockTest
testSubstract2  Time elapsed: 0.002 s  <<< FAILURE!
org.opentest4j.AssertionFailedError: expected: <-4> but was: <0>
	at com.example.MockTest.testSubstract2(MockTest.java:88)

